<?xml version="1.0" encoding="UTF-8"?>
<testsuite xmlns:xsi="http://www.w3.org/2001/XMLSchema-instance" xsi:noNamespaceSchemaLocation="https://maven.apache.org/surefire/maven-surefire-plugin/xsd/surefire-test-report.xsd" name="TestSuite" time="679.326" tests="30" errors="0" skipped="0" failures="5">
  <properties>
[...]
</properties>
  <testcase name="runTestscript1" classname="Delete" time="5.906"/>
  <testcase name="runTestscript2" classname="Delete" time="2.19">
    <failure message="Logo is not displayed expected [true] but found [false]" type="java.lang.AssertionError">java.lang.AssertionError: Logo is not displayed expected [true] but found [false]
	at Delete.runTestscript2(Delete.java:109)
</failure>
    <system-err><![CDATA[[main] INFO io.github.bonigarcia.wdm.WebDriverManager - Using chromedriver 127.0.6533.88 (resolved driver for Chrome 127)
[main] INFO io.github.bonigarcia.wdm.WebDriverManager - Exporting webdriver.chrome.driver as C:\Users\Asus\.cache\selenium\chromedriver\win64\127.0.6533.88\chromedriver.exe
thg 8 02, 2024 3:24:11 SA org.openqa.selenium.devtools.CdpVersionFinder findNearestMatch
WARNING: Unable to find an exact match for CDP version 127, so returning the closest version found: 126
]]></system-err>
  </testcase>
  <testcase name="runTestscript3" classname="Delete" time="2.304"/>
  <testcase name="runTestscript4" classname="Delete" time="2.01"/>
  <testcase name="runTestscript5" classname="Delete" time="2.055"/>
  <testcase name="runTestscript6" classname="Delete" time="18.169"/>
  <testcase name="runTestscript7" classname="Delete" time="7.08">
    <failure message="Confirm pop-up is still displayed expected [false] but found [true]" type="java.lang.AssertionError">java.lang.AssertionError: Confirm pop-up is still displayed expected [false] but found [true]
	at Delete.runTestscript7(Delete.java:293)
</failure>
    <system-out><![CDATA[Testcase fail: Confirm pop-up is still displayed expected [false] but found [true]
]]></system-out>
    <system-err><![CDATA[[main] INFO io.github.bonigarcia.wdm.WebDriverManager - Using chromedriver 127.0.6533.88 (resolved driver for Chrome 127)
[main] INFO io.github.bonigarcia.wdm.WebDriverManager - Exporting webdriver.chrome.driver as C:\Users\Asus\.cache\selenium\chromedriver\win64\127.0.6533.88\chromedriver.exe
thg 8 02, 2024 3:26:00 SA org.openqa.selenium.devtools.CdpVersionFinder findNearestMatch
WARNING: Unable to find an exact match for CDP version 127, so returning the closest version found: 126
]]></system-err>
  </testcase>
  <testcase name="runTestscript1" classname="Search" time="7.865"/>
  <testcase name="runTestscript10" classname="Search" time="5.362"/>
  <testcase name="runTestscript11" classname="Search" time="5.3">
    <failure message="The actual number of records does not match the expected count. expected [15] but found [10]" type="java.lang.AssertionError">java.lang.AssertionError: The actual number of records does not match the expected count. expected [15] but found [10]
	at Search.runTestscript11(Search.java:357)
</failure>
    <system-out><![CDATA[ Testcase fail The actual number of records does not match the expected count. expected [15] but found [10]
]]></system-out>
    <system-err><![CDATA[[main] INFO io.github.bonigarcia.wdm.WebDriverManager - Using chromedriver 127.0.6533.88 (resolved driver for Chrome 127)
[main] INFO io.github.bonigarcia.wdm.WebDriverManager - Exporting webdriver.chrome.driver as C:\Users\Asus\.cache\selenium\chromedriver\win64\127.0.6533.88\chromedriver.exe
thg 8 02, 2024 3:26:50 SA org.openqa.selenium.devtools.CdpVersionFinder findNearestMatch
WARNING: Unable to find an exact match for CDP version 127, so returning the closest version found: 126
]]></system-err>
  </testcase>
  <testcase name="runTestscript12" classname="Search" time="10.829"/>
  <testcase name="runTestscript13" classname="Search" time="27.555"/>
  <testcase name="runTestscript14" classname="Search" time="27.599"/>
  <testcase name="runTestscript15" classname="Search" time="5.491"/>
  <testcase name="runTestscript16" classname="Search" time="0.857"/>
  <testcase name="runTestscript17" classname="Search" time="11.239"/>
  <testcase name="runTestscript18" classname="Search" time="22.226">
    <failure message="Error message is not displayed expected [true] but found [false]" type="java.lang.AssertionError">java.lang.AssertionError: Error message is not displayed expected [true] but found [false]
	at Search.runTestscript18(Search.java:567)
</failure>
    <system-out><![CDATA[Testcase fail: Error message is not displayed expected [true] but found [false]
]]></system-out>
    <system-err><![CDATA[[main] INFO io.github.bonigarcia.wdm.WebDriverManager - Using chromedriver 127.0.6533.88 (resolved driver for Chrome 127)
[main] INFO io.github.bonigarcia.wdm.WebDriverManager - Exporting webdriver.chrome.driver as C:\Users\Asus\.cache\selenium\chromedriver\win64\127.0.6533.88\chromedriver.exe
thg 8 02, 2024 3:29:24 SA org.openqa.selenium.devtools.CdpVersionFinder findNearestMatch
WARNING: Unable to find an exact match for CDP version 127, so returning the closest version found: 126
]]></system-err>
  </testcase>
  <testcase name="runTestscript19" classname="Search" time="26.36"/>
  <testcase name="runTestscript2" classname="Search" time="3.556"/>
  <testcase name="runTestscript20" classname="Search" time="23.129"/>
  <testcase name="runTestscript21" classname="Search" time="8.622"/>
  <testcase name="runTestscript22" classname="Search" time="6.291">
    <failure message="Button text is not as expected expected [+ Add employee] but found [Add Employee]" type="java.lang.AssertionError">java.lang.AssertionError: Button text is not as expected expected [+ Add employee] but found [Add Employee]
	at Search.runTestscript22(Search.java:679)
</failure>
    <system-out><![CDATA[Testcase fail: Button text is not as expected expected [+ Add employee] but found [Add Employee]
]]></system-out>
    <system-err><![CDATA[[main] INFO io.github.bonigarcia.wdm.WebDriverManager - Using chromedriver 127.0.6533.88 (resolved driver for Chrome 127)
[main] INFO io.github.bonigarcia.wdm.WebDriverManager - Exporting webdriver.chrome.driver as C:\Users\Asus\.cache\selenium\chromedriver\win64\127.0.6533.88\chromedriver.exe
thg 8 02, 2024 3:31:38 SA org.openqa.selenium.devtools.CdpVersionFinder findNearestMatch
WARNING: Unable to find an exact match for CDP version 127, so returning the closest version found: 126
]]></system-err>
  </testcase>
  <testcase name="runTestscript23" classname="Search" time="6.31"/>
  <testcase name="runTestscript3" classname="Search" time="3.895"/>
  <testcase name="runTestscript4" classname="Search" time="3.543"/>
  <testcase name="runTestscript5" classname="Search" time="3.297"/>
  <testcase name="runTestscript6" classname="Search" time="12.204"/>
  <testcase name="runTestscript7" classname="Search" time="8.51"/>
  <testcase name="runTestscript8" classname="Search" time="27.951"/>
  <testcase name="runTestscript9" classname="Search" time="47.765"/>
</testsuite>